<?xml version="1.0" encoding="UTF-8"?>
<!-- Generated by org.testng.reporters.JUnitReportReporter -->
<testsuite hostname="DESKTOP-7SM6G84" failures="0" tests="1" name="TakesScreenshotIn_TestNG.TakeScreenshotForAmazonApplication" time="6.318" errors="0" timestamp="2024-10-22T17:55:48 IST" skipped="0">
  <testcase classname="TakesScreenshotIn_TestNG.TakeScreenshotForAmazonApplication" name="amazonTest" time="6.318"/>
  <system-out>
    <![CDATA[excuting the take screenshot is start]]>
  </system-out>
</testsuite> <!-- TakesScreenshotIn_TestNG.TakeScreenshotForAmazonApplication -->
