<?xml version="1.0" encoding="UTF-8"?>
<!-- Generated by org.testng.reporters.JUnitReportReporter -->
<testsuite hostname="DESKTOP-7SM6G84" failures="0" tests="2" name="Practice.TestNG.AddProductTest" time="0.024" errors="0" timestamp="2024-10-17T10:31:30 IST" skipped="0">
  <testcase classname="Practice.TestNG.AddProductTest" name="addproducttothecartTest" time="0.019"/>
  <system-out/>
  <testcase classname="Practice.TestNG.AddProductTest" name="paymentTest" time="0.005"/>
  <system-out/>
</testsuite> <!-- Practice.TestNG.AddProductTest -->
