<?xml version="1.0" encoding="UTF-8"?>
<!-- Generated by org.testng.reporters.JUnitReportReporter -->
<testsuite hostname="DESKTOP-7SM6G84" failures="0" tests="1" name="TaskForHsmApplication.AddPatientTest" time="7.175" errors="0" timestamp="2024-10-24T16:55:08 IST" skipped="0">
  <testcase classname="TaskForHsmApplication.AddPatientTest" name="createpatient" time="7.175"/>
  <system-out/>
</testsuite> <!-- TaskForHsmApplication.AddPatientTest -->
