<?xml version="1.0" encoding="UTF-8"?>
<!-- Generated by org.testng.reporters.JUnitReportReporter -->
<testsuite hostname="DESKTOP-7SM6G84" failures="1" tests="8" name="CreateLeadsInrealTimeByUsingBaseClass.CreatingLeadsByUsiingBaseClass" time="168.560" errors="0" timestamp="2024-10-28T18:31:06 IST" skipped="5">
  <testcase classname="CreateLeadsInrealTimeByUsingBaseClass.CreatingLeadsByUsiingBaseClass" name="CreateLeadsWithPhoneNumber" time="19.754">
    <skipped/>
  </testcase> <!-- CreateLeadsWithPhoneNumber -->
  <system-out/>
  <testcase classname="CreateLeadsInrealTimeByUsingBaseClass.CreatingLeadsByUsiingBaseClass" name="CreateLeadTest" time="34.344"/>
  <system-out/>
  <testcase classname="CreateLeadsInrealTimeByUsingBaseClass.CreatingLeadsByUsiingBaseClass" name="CreateLeadsWithPhoneNumber" time="18.982">
    <skipped/>
  </testcase> <!-- CreateLeadsWithPhoneNumber -->
  <system-out/>
  <testcase classname="CreateLeadsInrealTimeByUsingBaseClass.CreatingLeadsByUsiingBaseClass" name="CreateLeadsWithPhoneNumber" time="20.789">
    <skipped/>
  </testcase> <!-- CreateLeadsWithPhoneNumber -->
  <system-out/>
  <testcase classname="CreateLeadsInrealTimeByUsingBaseClass.CreatingLeadsByUsiingBaseClass" name="CreateLeadsWithPhoneNumber" time="17.842">
    <skipped/>
  </testcase> <!-- CreateLeadsWithPhoneNumber -->
  <system-out/>
  <testcase classname="CreateLeadsInrealTimeByUsingBaseClass.CreatingLeadsByUsiingBaseClass" name="CreateLeadsWithPhoneNumber" time="18.983">
    <failure message="The following asserts failed:
	expected [Mandala] but found [[ LEA11 ] Mandala - Lead Information]" type="java.lang.AssertionError">
      <![CDATA[java.lang.AssertionError: The following asserts failed:
expected [Mandala] but found [[ LEA11 ] Mandala - Lead Information]
at org.testng.asserts.SoftAssert.assertAll(SoftAssert.java:47)
at org.testng.asserts.SoftAssert.assertAll(SoftAssert.java:31)
at CreateLeadsInrealTimeByUsingBaseClass.CreatingLeadsByUsiingBaseClass.CreateLeadsWithPhoneNumber(CreatingLeadsByUsiingBaseClass.java:93)
at java.base/jdk.internal.reflect.DirectMethodHandleAccessor.invoke(DirectMethodHandleAccessor.java:104)
at java.base/java.lang.reflect.Method.invoke(Method.java:578)
at org.testng.internal.MethodInvocationHelper.invokeMethod(MethodInvocationHelper.java:133)
at org.testng.internal.TestInvoker.invokeMethod(TestInvoker.java:598)
at org.testng.internal.TestInvoker.retryFailed(TestInvoker.java:213)
at org.testng.internal.MethodRunner.runInSequence(MethodRunner.java:58)
at org.testng.internal.TestInvoker$MethodInvocationAgent.invoke(TestInvoker.java:824)
at org.testng.internal.TestInvoker.invokeTestMethods(TestInvoker.java:146)
at org.testng.internal.TestMethodWorker.invokeTestMethods(TestMethodWorker.java:146)
at org.testng.internal.TestMethodWorker.run(TestMethodWorker.java:128)
at java.base/java.util.ArrayList.forEach(ArrayList.java:1511)
at org.testng.TestRunner.privateRun(TestRunner.java:794)
at org.testng.TestRunner.run(TestRunner.java:596)
at org.testng.SuiteRunner.runTest(SuiteRunner.java:377)
at org.testng.SuiteRunner.runSequentially(SuiteRunner.java:371)
at org.testng.SuiteRunner.privateRun(SuiteRunner.java:332)
at org.testng.SuiteRunner.run(SuiteRunner.java:276)
at org.testng.SuiteRunnerWorker.runSuite(SuiteRunnerWorker.java:53)
at org.testng.SuiteRunnerWorker.run(SuiteRunnerWorker.java:96)
at org.testng.TestNG.runSuitesSequentially(TestNG.java:1212)
at org.testng.TestNG.runSuitesLocally(TestNG.java:1134)
at org.testng.TestNG.runSuites(TestNG.java:1063)
at org.testng.TestNG.run(TestNG.java:1031)
at org.testng.remote.AbstractRemoteTestNG.run(AbstractRemoteTestNG.java:115)
at org.testng.remote.RemoteTestNG.initAndRun(RemoteTestNG.java:293)
at org.testng.remote.RemoteTestNG.main(RemoteTestNG.java:91)
]]>
    </failure>
  </testcase> <!-- CreateLeadsWithPhoneNumber -->
  <system-out/>
  <testcase classname="CreateLeadsInrealTimeByUsingBaseClass.CreatingLeadsByUsiingBaseClass" name="CreateLeadWithAllDetails" time="18.678"/>
  <system-out/>
  <testcase classname="CreateLeadsInrealTimeByUsingBaseClass.CreatingLeadsByUsiingBaseClass" name="CreateLeadsWithPhoneNumber" time="19.188">
    <skipped/>
  </testcase> <!-- CreateLeadsWithPhoneNumber -->
  <system-out/>
</testsuite> <!-- CreateLeadsInrealTimeByUsingBaseClass.CreatingLeadsByUsiingBaseClass -->
