<?xml version="1.0" encoding="UTF-8"?>
<!-- Generated by org.testng.reporters.JUnitReportReporter -->
<testsuite hostname="DESKTOP-7SM6G84" failures="0" tests="1" name="bikes.Tolaunchrx100" time="2.961" errors="0" timestamp="2024-10-21T18:08:03 IST" skipped="0">
  <testcase classname="bikes.Tolaunchrx100" name="access" time="2.961"/>
  <system-out>
    <![CDATA[rx 100 got executed]]>
  </system-out>
</testsuite> <!-- bikes.Tolaunchrx100 -->
