<?xml version="1.0" encoding="UTF-8"?>
<!-- Generated by org.testng.reporters.JUnitReportReporter -->
<testsuite hostname="DESKTOP-7SM6G84" failures="0" tests="3" name="Practice.TestNG.CantacTest" time="0.021" errors="0" timestamp="2024-10-17T12:20:24 IST" skipped="0">
  <testcase classname="Practice.TestNG.CantacTest" name="deleteContactTest" time="0.002"/>
  <system-out/>
  <testcase classname="Practice.TestNG.CantacTest" name="CreateContactTest" time="0.016"/>
  <system-out/>
  <testcase classname="Practice.TestNG.CantacTest" name="modifyContactTest" time="0.003"/>
  <system-out/>
</testsuite> <!-- Practice.TestNG.CantacTest -->
