<?xml version="1.0" encoding="UTF-8"?>
<!-- Generated by org.testng.reporters.JUnitReportReporter -->
<testsuite hostname="DESKTOP-7SM6G84" failures="0" tests="1" name="UndurstandingOnAssertion.AssertionBasics" time="0.028" errors="0" timestamp="2024-10-22T16:45:49 IST" skipped="0">
  <testcase classname="UndurstandingOnAssertion.AssertionBasics" name="homeTest" time="0.028"/>
  <system-out>
    <![CDATA[step_1
step_2
step_3
step_4]]>
  </system-out>
</testsuite> <!-- UndurstandingOnAssertion.AssertionBasics -->
