<?xml version="1.0" encoding="UTF-8"?>
<!-- Generated by org.testng.reporters.JUnitReportReporter -->
<testsuite hostname="DESKTOP-7SM6G84" failures="0" tests="2" name="Com.crm.comcast.Contacts.baseclass.CreateContactTest" time="0.008" errors="0" timestamp="2024-10-18T15:32:50 IST" skipped="0">
  <testcase classname="Com.crm.comcast.Contacts.baseclass.CreateContactTest" name="createContactTest" time="0.004"/>
  <system-out/>
  <testcase classname="Com.crm.comcast.Contacts.baseclass.CreateContactTest" name="createContactTestWithIndustries" time="0.004"/>
  <system-out/>
</testsuite> <!-- Com.crm.comcast.Contacts.baseclass.CreateContactTest -->
