<?xml version="1.0" encoding="UTF-8"?>
<!-- Generated by org.testng.reporters.JUnitReportReporter -->
<testsuite hostname="DESKTOP-7SM6G84" failures="0" tests="1" name="bikes.ToLaunchActiva" time="3.026" errors="0" timestamp="2024-10-21T18:08:03 IST" skipped="0">
  <testcase classname="bikes.ToLaunchActiva" name="access" time="3.026"/>
  <system-out>
    <![CDATA[activa got executed]]>
  </system-out>
</testsuite> <!-- bikes.ToLaunchActiva -->
