<?xml version="1.0" encoding="UTF-8"?>
<!-- Generated by org.testng.reporters.JUnitReportReporter -->
<testsuite hostname="DESKTOP-7SM6G84" failures="0" tests="1" name="Practice.pom.repository.WithUsingPom" time="8.842" errors="0" timestamp="2024-10-09T16:35:45 IST" skipped="0">
  <testcase classname="Practice.pom.repository.WithUsingPom" name="simpleTest" time="8.842"/>
  <system-out/>
</testsuite> <!-- Practice.pom.repository.WithUsingPom -->
