<?xml version="1.0" encoding="UTF-8"?>
<!-- Generated by org.testng.reporters.JUnitReportReporter -->
<testsuite hostname="DESKTOP-7SM6G84" failures="0" tests="2" name="Understandinon_ConfigurationAnntation.ContactTest" time="0.021" errors="0" timestamp="2024-10-18T13:28:19 IST" skipped="0">
  <testcase classname="Understandinon_ConfigurationAnntation.ContactTest" name="createContact" time="0.015"/>
  <system-out/>
  <testcase classname="Understandinon_ConfigurationAnntation.ContactTest" name="createContactWithDate" time="0.006"/>
  <system-out/>
</testsuite> <!-- Understandinon_ConfigurationAnntation.ContactTest -->
