<?xml version="1.0" encoding="UTF-8"?>
<!-- Generated by org.testng.reporters.JUnitReportReporter -->
<testsuite hostname="DESKTOP-7SM6G84" failures="0" tests="2" name="PracticeRealTime.TestNG.DemowebshopTest1" time="25.925" errors="0" timestamp="2024-10-18T10:50:04 IST" skipped="0">
  <testcase classname="PracticeRealTime.TestNG.DemowebshopTest1" name="addtheProductToTheCratTest" time="13.924"/>
  <system-out/>
  <testcase classname="PracticeRealTime.TestNG.DemowebshopTest1" name="addtheProductToTheCratTest" time="12.001"/>
  <system-out/>
</testsuite> <!-- PracticeRealTime.TestNG.DemowebshopTest1 -->
