<?xml version="1.0" encoding="UTF-8"?>
<!-- Generated by org.testng.reporters.JUnitReportReporter -->
<testsuite hostname="DESKTOP-7SM6G84" failures="0" tests="1" name="Practice.TestNG.CCantacTest$ContactTest" time="0.014" errors="0" timestamp="2024-10-17T12:15:41 IST" skipped="0">
  <testcase classname="Practice.TestNG.CCantacTest$ContactTest" name="CreateContactTest" time="0.014"/>
  <system-out/>
</testsuite> <!-- Practice.TestNG.CCantacTest$ContactTest -->
