<?xml version="1.0" encoding="UTF-8"?>
<!-- Generated by org.testng.reporters.JUnitReportReporter -->
<testsuite hostname="DESKTOP-7SM6G84" failures="0" tests="3" name="CreateContactRealTeatScriptUsingBaseClass.CreateContactTest" time="47.571" errors="0" timestamp="2024-10-28T18:14:47 IST" skipped="0">
  <testcase classname="CreateContactRealTeatScriptUsingBaseClass.CreateContactTest" name="createContactTest" time="13.115"/>
  <system-out/>
  <testcase classname="CreateContactRealTeatScriptUsingBaseClass.CreateContactTest" name="CreateContactWithOrgNameTest" time="21.082"/>
  <system-out/>
  <testcase classname="CreateContactRealTeatScriptUsingBaseClass.CreateContactTest" name="CreatecontactwithSystemDateTest" time="13.374"/>
  <system-out/>
</testsuite> <!-- CreateContactRealTeatScriptUsingBaseClass.CreateContactTest -->
