<?xml version="1.0" encoding="UTF-8"?>
<!-- Generated by org.testng.reporters.JUnitReportReporter -->
<testsuite hostname="DESKTOP-7SM6G84" failures="0" tests="1" name="Retryanalyzer.RetryClass" time="10.017" errors="0" timestamp="2024-10-23T15:31:49 IST" skipped="0">
  <testcase classname="Retryanalyzer.RetryClass" name="simpleTest" time="10.017"/>
  <system-out/>
</testsuite> <!-- Retryanalyzer.RetryClass -->
