<?xml version="1.0" encoding="UTF-8"?>
<!-- Generated by org.testng.reporters.JUnitReportReporter -->
<testsuite hostname="DESKTOP-7SM6G84" failures="0" tests="1" name="TaskForHsmApplication.CrmApplication" time="54.033" errors="0" timestamp="2024-10-24T21:39:34 IST" skipped="0">
  <testcase classname="TaskForHsmApplication.CrmApplication" name="addmore" time="54.033"/>
  <system-out/>
</testsuite> <!-- TaskForHsmApplication.CrmApplication -->
