<?xml version="1.0" encoding="UTF-8"?>
<!-- Generated by org.testng.reporters.JUnitReportReporter -->
<testsuite hostname="DESKTOP-7SM6G84" failures="0" tests="2" name="Understandinon_ConfigurationAnntation.OrgTest" time="0.024" errors="0" timestamp="2024-10-18T15:28:45 IST" skipped="0">
  <testcase classname="Understandinon_ConfigurationAnntation.OrgTest" name="createCreateOrgWithIndustries" time="0.017"/>
  <system-out/>
  <testcase classname="Understandinon_ConfigurationAnntation.OrgTest" name="createOrg" time="0.007"/>
  <system-out/>
</testsuite> <!-- Understandinon_ConfigurationAnntation.OrgTest -->
