<?xml version="1.0" encoding="UTF-8"?>
<!-- Generated by org.testng.reporters.JUnitReportReporter -->
<testsuite hostname="DESKTOP-7SM6G84" failures="0" tests="1" name="SimpleAssignmentOnWednsday" time="0.018" errors="0" timestamp="2024-10-16T18:18:19 IST" skipped="0">
  <testcase classname="SimpleAssignmentOnWednsday" name="reacharge" time="0.018"/>
  <system-out/>
</testsuite> <!-- SimpleAssignmentOnWednsday -->
