<?xml version="1.0" encoding="UTF-8"?>
<!-- Generated by org.testng.reporters.JUnitReportReporter -->
<testsuite hostname="DESKTOP-7SM6G84" failures="0" tests="1" name="ExtentReportes.SimpleExtentReport" time="10.604" errors="0" timestamp="2024-10-28T14:42:52 IST" skipped="0">
  <testcase classname="ExtentReportes.SimpleExtentReport" name="createcontact" time="10.604"/>
  <system-out/>
</testsuite> <!-- ExtentReportes.SimpleExtentReport -->
