<?xml version="1.0" encoding="UTF-8"?>
<!-- Generated by org.testng.reporters.JUnitReportReporter -->
<testsuite hostname="DESKTOP-7SM6G84" failures="0" tests="1" name="bikes.TolaunchAccess" time="14.937" errors="0" timestamp="2024-10-21T18:08:03 IST" skipped="0">
  <testcase classname="bikes.TolaunchAccess" name="access" time="14.937"/>
  <system-out>
    <![CDATA[access 125 got executed]]>
  </system-out>
</testsuite> <!-- bikes.TolaunchAccess -->
