<?xml version="1.0" encoding="UTF-8"?>
<!-- Generated by org.testng.reporters.JUnitReportReporter -->
<testsuite hostname="DESKTOP-7SM6G84" failures="0" tests="2" name="Com.crm.comcast.Contacts.baseclass.CreateOrgTest" time="0.020" errors="0" timestamp="2024-10-18T16:37:44 IST" skipped="0">
  <testcase classname="Com.crm.comcast.Contacts.baseclass.CreateOrgTest" name="createOrgWithDate" time="0.003"/>
  <system-out/>
  <testcase classname="Com.crm.comcast.Contacts.baseclass.CreateOrgTest" name="createOrgTest" time="0.017"/>
  <system-out/>
</testsuite> <!-- Com.crm.comcast.Contacts.baseclass.CreateOrgTest -->
