<?xml version="1.0" encoding="UTF-8"?>
<!-- Generated by org.testng.reporters.JUnitReportReporter -->
<testsuite hostname="DESKTOP-7SM6G84" failures="0" tests="1" name="bikes.ToLaunchKtm" time="38.748" errors="0" timestamp="2024-10-21T18:08:03 IST" skipped="0">
  <testcase classname="bikes.ToLaunchKtm" name="access" time="38.748"/>
  <system-out>
    <![CDATA[Ktm got executed]]>
  </system-out>
</testsuite> <!-- bikes.ToLaunchKtm -->
