<?xml version="1.0" encoding="UTF-8"?>
<!-- Generated by org.testng.reporters.JUnitReportReporter -->
<testsuite hostname="DESKTOP-7SM6G84" failures="0" tests="3" name="CreateProductByUsingBaseClass.CreatingProductByUsingBaseClass" time="87.584" errors="0" timestamp="2024-10-29T11:28:17 IST" skipped="0">
  <testcase classname="CreateProductByUsingBaseClass.CreatingProductByUsingBaseClass" name="CreateProductTest" time="41.090"/>
  <system-out/>
  <testcase classname="CreateProductByUsingBaseClass.CreatingProductByUsingBaseClass" name="CreateProductWithStartAndEndDateTset" time="19.652"/>
  <system-out/>
  <testcase classname="CreateProductByUsingBaseClass.CreatingProductByUsingBaseClass" name="CreateProductWithPortNumberTest" time="26.842"/>
  <system-out/>
</testsuite> <!-- CreateProductByUsingBaseClass.CreatingProductByUsingBaseClass -->
