<?xml version="1.0" encoding="UTF-8"?>
<!-- Generated by org.testng.reporters.JUnitReportReporter -->
<testsuite hostname="DESKTOP-7SM6G84" failures="0" tests="3" name="CreateProductByUsingBaseClass.CreatingProductByUsingBaseClassTest" time="60.339" errors="0" timestamp="2024-11-13T18:04:36 IST" skipped="0">
  <testcase classname="CreateProductByUsingBaseClass.CreatingProductByUsingBaseClassTest" name="CreateProductWithPortNumberTest" time="12.441"/>
  <system-out/>
  <testcase classname="CreateProductByUsingBaseClass.CreatingProductByUsingBaseClassTest" name="CreateProductWithStartAndEndDateTset" time="16.436"/>
  <system-out/>
  <testcase classname="CreateProductByUsingBaseClass.CreatingProductByUsingBaseClassTest" name="CreateProductTest" time="31.462"/>
  <system-out/>
</testsuite> <!-- CreateProductByUsingBaseClass.CreatingProductByUsingBaseClassTest -->
