<?xml version="1.0" encoding="UTF-8"?>
<!-- Generated by org.testng.reporters.JUnitReportReporter -->
<testsuite hostname="DESKTOP-7SM6G84" failures="0" tests="3" name="PracticeRealTime.TestNG.AmazonGetPriceTest" time="21.437" errors="0" timestamp="2024-10-18T11:08:32 IST" skipped="0">
  <testcase classname="PracticeRealTime.TestNG.AmazonGetPriceTest" name="getprice" time="6.051"/>
  <system-out/>
  <testcase classname="PracticeRealTime.TestNG.AmazonGetPriceTest" name="getprice" time="6.859"/>
  <system-out/>
  <testcase classname="PracticeRealTime.TestNG.AmazonGetPriceTest" name="getprice" time="8.527"/>
  <system-out/>
</testsuite> <!-- PracticeRealTime.TestNG.AmazonGetPriceTest -->
