<?xml version="1.0" encoding="UTF-8"?>
<!-- Generated by org.testng.reporters.JUnitReportReporter -->
<testsuite hostname="DESKTOP-7SM6G84" failures="0" tests="3" name="PracticeRealTime.TestNG.GetPriceOfTheProductTest" time="29.281" errors="0" timestamp="2024-10-17T15:44:39 IST" skipped="0">
  <testcase classname="PracticeRealTime.TestNG.GetPriceOfTheProductTest" name="getprice" time="11.440"/>
  <system-out/>
  <testcase classname="PracticeRealTime.TestNG.GetPriceOfTheProductTest" name="getprice" time="8.130"/>
  <system-out/>
  <testcase classname="PracticeRealTime.TestNG.GetPriceOfTheProductTest" name="getprice" time="9.711"/>
  <system-out/>
</testsuite> <!-- PracticeRealTime.TestNG.GetPriceOfTheProductTest -->
