<?xml version="1.0" encoding="UTF-8"?>
<!-- Generated by org.testng.reporters.JUnitReportReporter -->
<testsuite hostname="DESKTOP-7SM6G84" failures="0" tests="3" name="CreateContactRealTeatScriptUsingBaseClass.CreateContactTest" time="96.257" errors="0" timestamp="2024-11-11T10:28:17 IST" skipped="0">
  <testcase classname="CreateContactRealTeatScriptUsingBaseClass.CreateContactTest" name="CreatecontactwithSystemDateTest" time="20.629"/>
  <system-out/>
  <testcase classname="CreateContactRealTeatScriptUsingBaseClass.CreateContactTest" name="CreateContactWithOrgNameTest" time="55.350"/>
  <system-out/>
  <testcase classname="CreateContactRealTeatScriptUsingBaseClass.CreateContactTest" name="createContactTest" time="20.278"/>
  <system-out/>
</testsuite> <!-- CreateContactRealTeatScriptUsingBaseClass.CreateContactTest -->
