<?xml version="1.0" encoding="UTF-8"?>
<!-- Generated by org.testng.reporters.JUnitReportReporter -->
<testsuite hostname="DESKTOP-7SM6G84" failures="0" tests="3" name="CreateOrganization_inRealTime_byUsingBaseClass.OrganizationCreationByUsingBaseClassTest" time="39.216" errors="0" timestamp="2024-11-13T18:09:07 IST" skipped="0">
  <testcase classname="CreateOrganization_inRealTime_byUsingBaseClass.OrganizationCreationByUsingBaseClassTest" name="CreateOrgWithIndustryTypeTest" time="13.291"/>
  <system-out/>
  <testcase classname="CreateOrganization_inRealTime_byUsingBaseClass.OrganizationCreationByUsingBaseClassTest" name="CreateOrgWithPhoneNumberTest" time="13.234"/>
  <system-out/>
  <testcase classname="CreateOrganization_inRealTime_byUsingBaseClass.OrganizationCreationByUsingBaseClassTest" name="CreateOrgTest" time="12.691"/>
  <system-out/>
</testsuite> <!-- CreateOrganization_inRealTime_byUsingBaseClass.OrganizationCreationByUsingBaseClassTest -->
