<?xml version="1.0" encoding="UTF-8"?>
<!-- Generated by org.testng.reporters.JUnitReportReporter -->
<testsuite hostname="DESKTOP-7SM6G84" failures="0" tests="3" name="CreateProductByUsingBaseClass.CreatingProductByUsingBaseClassTest" time="36.550" errors="0" timestamp="2024-11-13T18:09:07 IST" skipped="0">
  <testcase classname="CreateProductByUsingBaseClass.CreatingProductByUsingBaseClassTest" name="CreateProductWithPortNumberTest" time="11.699"/>
  <system-out/>
  <testcase classname="CreateProductByUsingBaseClass.CreatingProductByUsingBaseClassTest" name="CreateProductTest" time="12.429"/>
  <system-out/>
  <testcase classname="CreateProductByUsingBaseClass.CreatingProductByUsingBaseClassTest" name="CreateProductWithStartAndEndDateTset" time="12.422"/>
  <system-out/>
</testsuite> <!-- CreateProductByUsingBaseClass.CreatingProductByUsingBaseClassTest -->
