<?xml version="1.0" encoding="UTF-8"?>
<!-- Generated by org.testng.reporters.JUnitReportReporter -->
<testsuite hostname="DESKTOP-7SM6G84" failures="0" tests="3" name="CreateProductByUsingBaseClass.CreatingProductByUsingBaseClassTest" time="55.821" errors="0" timestamp="2024-11-11T10:28:17 IST" skipped="0">
  <testcase classname="CreateProductByUsingBaseClass.CreatingProductByUsingBaseClassTest" name="CreateProductTest" time="22.547"/>
  <system-out/>
  <testcase classname="CreateProductByUsingBaseClass.CreatingProductByUsingBaseClassTest" name="CreateProductWithStartAndEndDateTset" time="17.155"/>
  <system-out/>
  <testcase classname="CreateProductByUsingBaseClass.CreatingProductByUsingBaseClassTest" name="CreateProductWithPortNumberTest" time="16.119"/>
  <system-out/>
</testsuite> <!-- CreateProductByUsingBaseClass.CreatingProductByUsingBaseClassTest -->
