<?xml version="1.0" encoding="UTF-8"?>
<!-- Generated by org.testng.reporters.JUnitReportReporter -->
<testsuite hostname="DESKTOP-7SM6G84" failures="0" tests="1" name="bikes.ToLaunchPulser" time="50.955" errors="0" timestamp="2024-11-08T15:16:07 IST" skipped="0">
  <testcase classname="bikes.ToLaunchPulser" name="access" time="50.955"/>
  <system-out>
    <![CDATA[Pulsur got executed]]>
  </system-out>
</testsuite> <!-- bikes.ToLaunchPulser -->
