<?xml version="1.0" encoding="UTF-8"?>
<!-- Generated by org.testng.reporters.JUnitReportReporter -->
<testsuite hostname="DESKTOP-7SM6G84" failures="0" tests="3" name="CreateOrganization_inRealTime_byUsingBaseClass.OrganizationCreationByUsingBaseClassTest" time="62.072" errors="0" timestamp="2024-11-11T10:28:17 IST" skipped="0">
  <testcase classname="CreateOrganization_inRealTime_byUsingBaseClass.OrganizationCreationByUsingBaseClassTest" name="CreateOrgWithIndustryTypeTest" time="20.946"/>
  <system-out/>
  <testcase classname="CreateOrganization_inRealTime_byUsingBaseClass.OrganizationCreationByUsingBaseClassTest" name="CreateOrgWithPhoneNumberTest" time="21.281"/>
  <system-out/>
  <testcase classname="CreateOrganization_inRealTime_byUsingBaseClass.OrganizationCreationByUsingBaseClassTest" name="CreateOrgTest" time="19.845"/>
  <system-out/>
</testsuite> <!-- CreateOrganization_inRealTime_byUsingBaseClass.OrganizationCreationByUsingBaseClassTest -->
